<?xml version="1.0" encoding="UTF-8"?>
<!-- Generated by org.testng.reporters.JUnitReportReporter -->
<testsuite hostname="Babu" failures="0" tests="3" name="apptest.LoginTests" time="11.195" errors="0" timestamp="2025-09-04T20:07:12 IST" skipped="0">
  <testcase classname="apptest.LoginTests" name="testLoginButtonDisableWhenFieldsEmpty" time="2.990"/>
  <testcase classname="apptest.LoginTests" name="testInvaqlidLoginShowsErrorMsg" time="3.822"/>
  <testcase classname="apptest.LoginTests" name="testPasswordMaskedButton" time="4.383"/>
</testsuite> <!-- apptest.LoginTests -->
